2025-09-18 17:01:06,202 - src.core.sap_login - INFO - SAP Logon no está abierto. Abriéndolo...
2025-09-18 17:01:21,296 - src.core.sap_login - INFO - Cerrando conexión...
2025-09-18 17:10:17,380 - src.core.sap_login - INFO - SAP Logon no está abierto. Abriéndolo...
2025-09-18 17:10:32,476 - src.core.sap_login - INFO - Cerrando conexión...
2025-09-18 17:14:32,887 - __main__ - INFO - Iniciando automatización SAP...
2025-09-18 17:14:32,888 - src.core.sap_login - INFO - SAP Logon no está abierto. Abriéndolo...
2025-09-18 17:14:49,025 - src.core.sap_login - INFO - Conexión establecida correctamente.
2025-09-18 17:14:49,026 - src.core.sap_login - INFO - Realizando login...
2025-09-18 17:14:51,426 - src.core.sap_login - INFO - No se detectó popup, continuando...
2025-09-18 17:14:51,427 - src.core.sap_login - INFO - Login completado exitosamente.
2025-09-18 17:14:51,427 - __main__ - INFO - Login exitoso! Sesión lista para operaciones.
2025-09-18 17:14:51,428 - src.core.sap_login - INFO - Cerrando conexión...
2025-09-18 17:15:18,507 - __main__ - INFO - Iniciando automatización SAP...
2025-09-18 17:15:18,508 - src.core.sap_login - INFO - SAP Logon no está abierto. Abriéndolo...
2025-09-18 17:15:35,058 - src.core.sap_login - INFO - Conexión establecida correctamente.
2025-09-18 17:15:35,059 - src.core.sap_login - INFO - Realizando login...
2025-09-18 17:15:37,692 - src.core.sap_login - INFO - No se detectó popup, continuando...
2025-09-18 17:15:37,694 - src.core.sap_login - INFO - Login completado exitosamente.
2025-09-18 17:15:37,695 - __main__ - INFO - Login exitoso! Sesión lista para operaciones.
2025-09-18 17:15:37,696 - src.core.sap_login - INFO - Cerrando conexión...
2025-09-18 17:23:58,625 - __main__ - INFO - Iniciando automatización SAP...
2025-09-18 17:23:58,626 - src.core.sap_login - INFO - SAP Logon no está abierto. Abriéndolo...
2025-09-18 17:24:14,758 - src.core.sap_login - INFO - Conexión establecida correctamente.
2025-09-18 17:24:14,758 - src.core.sap_login - INFO - Realizando login...
2025-09-18 17:24:18,884 - src.core.sap_login - INFO - Login completado exitosamente.
2025-09-18 17:24:18,886 - __main__ - INFO - Login exitoso! Sesión lista para operaciones.
2025-09-18 17:24:18,886 - src.core.sap_login - INFO - Cerrando conexión...
